22:24:10   【读取配置信息】FF AA 27 01 00 
22:24:10   【读取配置信息】FF AA 27 01 00 
22:24:10   【读取配置信息】FF AA 27 01 00 
22:24:10   【读取配置信息】FF AA 27 01 00 
22:24:10   【读取配置信息】FF AA 27 01 00 
22:24:10   【读取配置信息】FF AA 27 1A 00 
22:24:10   【读取配置信息】FF AA 27 1A 00 
22:24:10   【读取配置信息】FF AA 27 1A 00 
22:24:10   【读取配置信息】FF AA 27 1A 00 
22:24:10   【读取配置信息】FF AA 27 1A 00 
22:24:10   【读取配置信息】FF AA 27 1F 00 
22:24:10   【读取配置信息】FF AA 27 1F 00 
22:24:10   【读取配置信息】FF AA 27 1F 00 
22:24:10   【读取配置信息】FF AA 27 1F 00 
22:24:10   【读取配置信息】FF AA 27 1F 00 
22:24:10   【读取配置信息】FF AA 27 24 00 
22:24:10   【读取配置信息】FF AA 27 24 00 
22:24:10   【读取配置信息】FF AA 27 24 00 
22:24:10   【读取配置信息】FF AA 27 24 00 
22:24:10   【读取配置信息】FF AA 27 24 00 
22:24:10   【读取配置信息】FF AA 27 23 00 
22:24:10   【读取配置信息】FF AA 27 23 00 
22:24:10   【读取配置信息】FF AA 27 23 00 
22:24:10   【读取配置信息】FF AA 27 23 00 
22:24:10   【读取配置信息】FF AA 27 23 00 
22:24:10   【读取配置信息】FF AA 27 2D 00 
22:24:10   【读取配置信息】FF AA 27 2D 00 
22:24:10   【读取配置信息】FF AA 27 2D 00 
22:24:10   【读取配置信息】FF AA 27 2D 00 
22:24:10   【读取配置信息】FF AA 27 2D 00 
22:24:10   【读取配置信息】FF AA 27 69 00 
22:24:10   【读取配置信息】FF AA 27 69 00 
22:24:10   【读取配置信息】FF AA 27 69 00 
22:24:10   【读取配置信息】FF AA 27 69 00 
22:24:10   【读取配置信息】FF AA 27 69 00 
22:24:10   【读取配置信息】FF AA 27 63 00 
22:24:10   【读取配置信息】FF AA 27 63 00 
22:24:10   【读取配置信息】FF AA 27 63 00 
22:24:10   【读取配置信息】FF AA 27 63 00 
22:24:10   【读取配置信息】FF AA 27 63 00 
22:24:14   【设置解锁】FF AA 69 88 B5 
22:24:15   【设置内容】FF AA 02 08 00 
22:24:15   【设置解锁】FF AA 69 88 B5 
22:24:15   【设置保存】FF AA 00 00 00 
22:24:16   【设置解锁】FF AA 69 88 B5 
22:24:16   【设置内容】FF AA 02 0C 00 
22:24:17   【设置解锁】FF AA 69 88 B5 
22:24:17   【设置保存】FF AA 00 00 00 
22:24:20   【设置解锁】FF AA 69 88 B5 
22:24:21   【设置通讯速率】FF AA 04 02 00 
22:24:21   【设置解锁】FF AA 69 88 B5 
22:24:22   【设置保存】FF AA 00 00 00 
22:24:23   【设置解锁】FF AA 69 88 B5 
22:24:23   【设置回传速率】FF AA 03 0C 00 
22:24:24   【设置解锁】FF AA 69 88 B5 
22:24:24   【设置保存】FF AA 00 00 00 
22:24:27   【设置解锁】FF AA 69 88 B5 
22:24:27   【设置算法】FF AA 24 01 00 
22:24:27   【设置解锁】FF AA 69 88 B5 
22:24:28   【设置保存】FF AA 00 00 00 
22:24:32   【设置解锁】FF AA 69 88 B5 
22:24:32   【设置安装方向】FF AA 23 00 00 
22:24:32   【设置解锁】FF AA 69 88 B5 
22:24:32   【设置保存】FF AA 00 00 00 
22:24:34   【设置解锁】FF AA 69 88 B5 
22:24:34   【设置加计校准】FF AA 01 01 00 
22:24:40   【设置解锁】FF AA 69 88 B5 
22:24:40   【设置保存】FF AA 00 00 00 
22:25:59   【设置解锁】FF AA 69 88 B5 
22:25:59   【设置加计校准】FF AA 01 01 00 
22:26:01   【设置解锁】FF AA 69 88 B5 
22:26:01   【设置保存】FF AA 00 00 00 
