13:04:35   【读取配置信息】FF AA 27 01 00 
13:04:35   【读取配置信息】FF AA 27 0E 00 
13:04:35   【读取配置信息】FF AA 27 12 00 
13:04:35   【读取配置信息】FF AA 27 16 00 
13:04:35   【读取配置信息】FF AA 27 1A 00 
13:04:35   【读取配置信息】FF AA 27 1F 00 
13:04:35   【读取配置信息】FF AA 27 23 00 
13:04:35   【读取配置信息】FF AA 27 2D 00 
13:04:35   【读取配置信息】FF AA 27 61 00 
13:04:35   【读取配置信息】FF AA 27 69 00 
13:04:35   【读取配置信息】FF AA 27 6E 00 
13:04:35   【读取配置信息】FF AA 27 75 00 
13:04:35   【读取配置信息】FF AA 27 7F 00 
13:04:35   【读取配置信息】FF AA 27 83 00 
13:04:50   【设置解锁】FF AA 69 88 B5 
13:04:50   【设置回传速率】FF AA 03 09 00 
13:04:50   【设置解锁】FF AA 69 88 B5 
13:04:50   【设置保存】FF AA 00 00 00 
13:04:52   【设置解锁】FF AA 69 88 B5 
13:04:52   【设置回传速率】FF AA 03 0B 00 
13:04:53   【设置解锁】FF AA 69 88 B5 
13:04:53   【设置保存】FF AA 00 00 00 
13:05:04   【读取Z轴静止阈值】FF AA 27 6F 00 
13:05:04   【读取】FF AA 27 6A 00 
13:05:04   【读取】FF AA 27 6A 00 
13:05:04   【读取】FF AA 27 6A 00 
13:05:04   【读取】FF AA 27 6A 00 
13:05:04   【读取】FF AA 27 6A 00 
13:05:04   【读取】FF AA 27 6A 00 
13:05:04   【读取】FF AA 27 6A 00 
13:05:04   【读取】FF AA 27 6A 00 
13:05:04   【读取】FF AA 27 6A 00 
13:05:04   【读取】FF AA 27 6A 00 
13:05:05   【读取】FF AA 27 6A 00 
13:05:05   【读取】FF AA 27 6A 00 
13:05:05   【读取】FF AA 27 6A 00 
13:05:05   【读取】FF AA 27 6A 00 
13:05:05   【读取】FF AA 27 6A 00 
13:05:05   【读取】FF AA 27 6A 00 
13:05:05   【读取】FF AA 27 6A 00 
13:05:05   【读取】FF AA 27 6A 00 
13:05:05   【读取】FF AA 27 6A 00 
13:05:05   【读取】FF AA 27 6A 00 
13:05:05   【读取】FF AA 27 6A 00 
13:05:05   【读取】FF AA 27 6A 00 
13:05:05   【读取】FF AA 27 6A 00 
13:05:05   【读取】FF AA 27 6A 00 
13:05:05   【读取】FF AA 27 6A 00 
13:05:05   【读取】FF AA 27 6A 00 
13:05:06   【读取】FF AA 27 6A 00 
13:05:06   【读取】FF AA 27 6A 00 
13:05:07   【读取Z轴静止阈值】FF AA 27 6F 00 
13:05:07   【读取】FF AA 27 6A 00 
13:05:07   【读取】FF AA 27 6A 00 
13:05:07   【读取】FF AA 27 6A 00 
13:05:07   【读取】FF AA 27 6A 00 
13:05:07   【读取】FF AA 27 6A 00 
13:05:07   【读取】FF AA 27 6A 00 
13:05:07   【读取】FF AA 27 6A 00 
13:05:07   【读取】FF AA 27 6A 00 
13:05:07   【读取】FF AA 27 6A 00 
13:05:07   【读取】FF AA 27 6A 00 
13:05:07   【读取】FF AA 27 6A 00 
13:05:07   【读取】FF AA 27 6A 00 
13:05:07   【读取】FF AA 27 6A 00 
13:05:07   【读取】FF AA 27 6A 00 
13:05:07   【读取】FF AA 27 6A 00 
13:05:08   【读取】FF AA 27 6A 00 
13:05:08   【读取】FF AA 27 6A 00 
13:05:08   【读取】FF AA 27 6A 00 
13:05:08   【读取】FF AA 27 6A 00 
13:05:08   【读取】FF AA 27 6A 00 
13:05:08   【读取】FF AA 27 6A 00 
13:05:08   【读取】FF AA 27 6A 00 
13:05:08   【读取】FF AA 27 6A 00 
13:05:08   【读取】FF AA 27 6A 00 
13:05:08   【读取】FF AA 27 6A 00 
13:05:08   【读取】FF AA 27 6A 00 
13:05:08   【读取】FF AA 27 6A 00 
13:05:08   【读取】FF AA 27 6A 00 
13:05:08   【读取】FF AA 27 6A 00 
13:05:08   【读取】FF AA 27 6A 00 
13:05:08   【读取】FF AA 27 6A 00 
13:05:09   【读取】FF AA 27 6A 00 
13:05:09   【读取】FF AA 27 6A 00 
13:05:09   【读取】FF AA 27 6A 00 
13:05:09   【读取】FF AA 27 6A 00 
13:05:09   【读取】FF AA 27 6A 00 
13:05:09   【读取】FF AA 27 6A 00 
13:05:09   【读取】FF AA 27 6A 00 
13:05:09   【读取】FF AA 27 6A 00 
13:05:09   【读取】FF AA 27 6A 00 
13:05:09   【读取】FF AA 27 6A 00 
13:05:09   【读取】FF AA 27 6A 00 
13:05:09   【设置解锁】FF AA 69 B5 88 
13:05:09   【读取】FF AA 27 6A 00 
13:05:09   【读取】FF AA 27 6A 00 
13:05:09   【读取】FF AA 27 6A 00 
13:05:09   【读取】FF AA 27 6A 00 
13:05:09   【设置解锁】FF AA 69 88 B5 
13:05:10   【读取】FF AA 27 6A 00 
13:05:10   【读取】FF AA 27 6A 00 
13:05:10   【读取】FF AA 27 6A 00 
13:05:10   【设置取消陀螺仪自动校准】FF AA 61 FE FF 
13:05:10   【读取】FF AA 27 6A 00 
13:05:10   【读取】FF AA 27 6A 00 
13:05:10   【读取】FF AA 27 6A 00 
13:05:10   【读取】FF AA 27 6A 00 
13:05:10   【读取】FF AA 27 6A 00 
13:05:10   【读取】FF AA 27 6A 00 
13:05:10   【读取】FF AA 27 6A 00 
13:05:10   【读取】FF AA 27 6A 00 
13:05:10   【读取】FF AA 27 6A 00 
13:05:10   【读取】FF AA 27 6A 00 
13:05:10   【读取】FF AA 27 6A 00 
13:05:10   【读取】FF AA 27 6A 00 
13:05:10   【读取】FF AA 27 6A 00 
13:05:11   【读取】FF AA 27 6A 00 
13:05:11   【读取】FF AA 27 6A 00 
13:05:11   【读取】FF AA 27 6A 00 
13:05:11   【读取】FF AA 27 6A 00 
13:05:11   【读取】FF AA 27 6A 00 
13:05:11   【读取】FF AA 27 6A 00 
13:05:11   【读取】FF AA 27 6A 00 
13:05:11   【读取】FF AA 27 6A 00 
13:05:11   【读取】FF AA 27 6A 00 
13:05:11   【读取】FF AA 27 6A 00 
13:05:11   【读取】FF AA 27 6A 00 
13:05:11   【读取】FF AA 27 6A 00 
13:05:11   【读取】FF AA 27 6A 00 
13:05:11   【读取】FF AA 27 6A 00 
13:05:11   【读取】FF AA 27 6A 00 
13:05:11   【读取】FF AA 27 6A 00 
13:05:12   【读取】FF AA 27 6A 00 
13:05:12   【读取】FF AA 27 6A 00 
13:05:12   【读取】FF AA 27 6A 00 
13:05:12   【读取】FF AA 27 6A 00 
13:05:12   【读取】FF AA 27 6A 00 
13:05:12   【读取】FF AA 27 6A 00 
13:05:12   【读取】FF AA 27 6A 00 
13:05:12   【读取】FF AA 27 6A 00 
13:05:12   【读取】FF AA 27 6A 00 
13:05:12   【读取】FF AA 27 6A 00 
13:05:12   【读取】FF AA 27 6A 00 
13:05:12   【读取】FF AA 27 6A 00 
13:05:12   【读取】FF AA 27 6A 00 
13:05:12   【读取】FF AA 27 6A 00 
13:05:12   【读取】FF AA 27 6A 00 
13:05:12   【读取】FF AA 27 6A 00 
13:05:13   【读取】FF AA 27 6A 00 
13:05:13   【读取】FF AA 27 6A 00 
13:05:13   【读取】FF AA 27 6A 00 
13:05:13   【读取】FF AA 27 6A 00 
13:05:13   【读取】FF AA 27 6A 00 
13:05:13   【读取】FF AA 27 6A 00 
13:05:13   【读取】FF AA 27 6A 00 
13:05:13   【读取】FF AA 27 6A 00 
13:05:13   【读取】FF AA 27 6A 00 
13:05:13   【读取】FF AA 27 6A 00 
13:05:13   【读取】FF AA 27 6A 00 
13:05:13   【读取】FF AA 27 6A 00 
13:05:13   【读取】FF AA 27 6A 00 
13:05:13   【读取】FF AA 27 6A 00 
13:05:13   【读取】FF AA 27 6A 00 
13:05:13   【读取】FF AA 27 6A 00 
13:05:14   【读取】FF AA 27 6A 00 
13:05:16   【设置解锁】FF AA 69 88 B5 
13:05:16   【设置角度参考】FF AA 01 08 00 
13:05:16   【设置解锁】FF AA 69 88 B5 
13:05:17   【设置保存】FF AA 00 00 00 
13:05:23   【设置解锁】FF AA 69 88 B5 
13:05:23   【设置角度参考】FF AA 01 08 00 
13:05:23   【设置解锁】FF AA 69 88 B5 
13:05:24   【设置解锁】FF AA 69 88 B5 
13:05:24   【设置角度参考】FF AA 01 08 00 
13:05:24   【设置解锁】FF AA 69 88 B5 
13:05:24   【设置保存】FF AA 00 00 00 
13:05:25   【设置保存】FF AA 00 00 00 
13:07:21   【设置解锁】FF AA 69 88 B5 
13:07:21   【设置加计校准】FF AA 01 01 00 
13:07:27   【设置解锁】FF AA 69 88 B5 
13:07:27   【设置保存】FF AA 00 00 00 
13:07:37   【量程和磁场传感器类型】FF AA 27 20 00 
13:07:37   【量程和磁场传感器类型】FF AA 27 61 00 
13:07:37   【量程和磁场传感器类型】FF AA 27 72 00 
13:07:37   【量程和磁场传感器类型】FF AA 27 2E 00 
